  GSXocDia.cpp
C:\Users\hoid7\Downloads\MiniGameStarter\TrainingFramework\GSXocDia.cpp(51,92): warning C4244: 'argument': conversion from 'float' to 'GLint', possible loss of data
C:\Users\hoid7\Downloads\MiniGameStarter\TrainingFramework\GSXocDia.cpp(51,58): warning C4244: 'argument': conversion from 'float' to 'GLint', possible loss of data
C:\Users\hoid7\Downloads\MiniGameStarter\TrainingFramework\GSXocDia.cpp(57,93): warning C4244: 'argument': conversion from 'float' to 'GLint', possible loss of data
C:\Users\hoid7\Downloads\MiniGameStarter\TrainingFramework\GSXocDia.cpp(57,54): warning C4244: 'argument': conversion from 'float' to 'GLint', possible loss of data
C:\Users\hoid7\Downloads\MiniGameStarter\TrainingFramework\GSXocDia.cpp(64,91): warning C4244: 'argument': conversion from 'float' to 'GLint', possible loss of data
C:\Users\hoid7\Downloads\MiniGameStarter\TrainingFramework\GSXocDia.cpp(64,51): warning C4244: 'argument': conversion from 'float' to 'GLint', possible loss of data
C:\Users\hoid7\Downloads\MiniGameStarter\TrainingFramework\GSXocDia.cpp(70,91): warning C4244: 'argument': conversion from 'float' to 'GLint', possible loss of data
C:\Users\hoid7\Downloads\MiniGameStarter\TrainingFramework\GSXocDia.cpp(70,51): warning C4244: 'argument': conversion from 'float' to 'GLint', possible loss of data
C:\Users\hoid7\Downloads\MiniGameStarter\TrainingFramework\GSXocDia.cpp(76,99): warning C4244: 'argument': conversion from 'float' to 'GLint', possible loss of data
C:\Users\hoid7\Downloads\MiniGameStarter\TrainingFramework\GSXocDia.cpp(76,59): warning C4244: 'argument': conversion from 'float' to 'GLint', possible loss of data
C:\Users\hoid7\Downloads\MiniGameStarter\TrainingFramework\GSXocDia.cpp(82,100): warning C4244: 'argument': conversion from 'float' to 'GLint', possible loss of data
C:\Users\hoid7\Downloads\MiniGameStarter\TrainingFramework\GSXocDia.cpp(82,60): warning C4244: 'argument': conversion from 'float' to 'GLint', possible loss of data
C:\Users\hoid7\Downloads\MiniGameStarter\TrainingFramework\GSXocDia.cpp(94,62): warning C4244: 'argument': conversion from 'float' to 'GLint', possible loss of data
C:\Users\hoid7\Downloads\MiniGameStarter\TrainingFramework\GSXocDia.cpp(100,60): warning C4244: 'argument': conversion from 'float' to 'GLint', possible loss of data
C:\Users\hoid7\Downloads\MiniGameStarter\TrainingFramework\GSXocDia.cpp(106,65): warning C4244: 'argument': conversion from 'float' to 'GLint', possible loss of data
C:\Users\hoid7\Downloads\MiniGameStarter\TrainingFramework\GSXocDia.cpp(112,67): warning C4244: 'argument': conversion from 'float' to 'GLint', possible loss of data
C:\Users\hoid7\Downloads\MiniGameStarter\TrainingFramework\GSXocDia.cpp(118,62): warning C4244: 'argument': conversion from 'float' to 'GLint', possible loss of data
C:\Users\hoid7\Downloads\MiniGameStarter\TrainingFramework\GSXocDia.cpp(130,60): warning C4244: 'argument': conversion from 'float' to 'GLint', possible loss of data
C:\Users\hoid7\Downloads\MiniGameStarter\TrainingFramework\GSXocDia.cpp(139,98): warning C4244: 'argument': conversion from 'float' to 'GLint', possible loss of data
C:\Users\hoid7\Downloads\MiniGameStarter\TrainingFramework\GSXocDia.cpp(139,58): warning C4244: 'argument': conversion from 'float' to 'GLint', possible loss of data
C:\Users\hoid7\Downloads\MiniGameStarter\TrainingFramework\GSXocDia.cpp(270,58): warning C4244: 'argument': conversion from 'int' to 'GLfloat', possible loss of data
C:\Users\hoid7\Downloads\MiniGameStarter\TrainingFramework\GSXocDia.cpp(324,66): warning C4244: 'argument': conversion from 'float' to 'GLint', possible loss of data
C:\Users\hoid7\Downloads\MiniGameStarter\TrainingFramework\GSXocDia.cpp(332,66): warning C4244: 'argument': conversion from 'float' to 'GLint', possible loss of data
C:\Users\hoid7\Downloads\MiniGameStarter\TrainingFramework\GSXocDia.cpp(373,71): warning C4244: 'argument': conversion from 'float' to 'GLint', possible loss of data
C:\Users\hoid7\Downloads\MiniGameStarter\TrainingFramework\GSXocDia.cpp(373,28): warning C4244: 'argument': conversion from 'float' to 'GLint', possible loss of data
C:\Users\hoid7\Downloads\MiniGameStarter\TrainingFramework\GSXocDia.cpp(377,96): warning C4244: 'argument': conversion from 'float' to 'GLint', possible loss of data
C:\Users\hoid7\Downloads\MiniGameStarter\TrainingFramework\GSXocDia.cpp(377,56): warning C4244: 'argument': conversion from 'float' to 'GLint', possible loss of data
C:\Users\hoid7\Downloads\MiniGameStarter\TrainingFramework\GSXocDia.cpp(380,14): warning C4244: 'argument': conversion from 'time_t' to 'unsigned int', possible loss of data
C:\Users\hoid7\Downloads\MiniGameStarter\TrainingFramework\GSXocDia.cpp(407,68): warning C4244: 'argument': conversion from 'float' to 'GLint', possible loss of data
C:\Users\hoid7\Downloads\MiniGameStarter\TrainingFramework\GSXocDia.cpp(407,25): warning C4244: 'argument': conversion from 'float' to 'GLint', possible loss of data
C:\Users\hoid7\Downloads\MiniGameStarter\TrainingFramework\GSXocDia.cpp(523,95): warning C4244: 'argument': conversion from 'float' to 'GLint', possible loss of data
C:\Users\hoid7\Downloads\MiniGameStarter\TrainingFramework\GSXocDia.cpp(523,54): warning C4244: 'argument': conversion from 'float' to 'GLint', possible loss of data
C:\Users\hoid7\Downloads\MiniGameStarter\TrainingFramework\GSXocDia.cpp(528,95): warning C4244: 'argument': conversion from 'float' to 'GLint', possible loss of data
C:\Users\hoid7\Downloads\MiniGameStarter\TrainingFramework\GSXocDia.cpp(528,54): warning C4244: 'argument': conversion from 'float' to 'GLint', possible loss of data
C:\Users\hoid7\Downloads\MiniGameStarter\TrainingFramework\GSXocDia.cpp(539,95): warning C4244: 'argument': conversion from 'float' to 'GLint', possible loss of data
C:\Users\hoid7\Downloads\MiniGameStarter\TrainingFramework\GSXocDia.cpp(539,54): warning C4244: 'argument': conversion from 'float' to 'GLint', possible loss of data
C:\Users\hoid7\Downloads\MiniGameStarter\TrainingFramework\GSXocDia.cpp(544,95): warning C4244: 'argument': conversion from 'float' to 'GLint', possible loss of data
C:\Users\hoid7\Downloads\MiniGameStarter\TrainingFramework\GSXocDia.cpp(544,54): warning C4244: 'argument': conversion from 'float' to 'GLint', possible loss of data
  TrainingFramework.vcxproj -> C:\Users\hoid7\Downloads\MiniGameStarter\BIN-Nvidia\TrainingFramework.exe
